c:\users\ezsan\documents\egyetem\bsc\6. felev\grafika\gyak\metaballtracer\x64\debug\vc143.pdb
c:\users\ezsan\documents\egyetem\bsc\6. felev\grafika\gyak\metaballtracer\x64\debug\vc143.idb
c:\users\ezsan\documents\egyetem\bsc\6. felev\grafika\gyak\metaballtracer\x64\debug\cameramanipulator.obj
c:\users\ezsan\documents\egyetem\bsc\6. felev\grafika\gyak\metaballtracer\x64\debug\objparser.obj
c:\users\ezsan\documents\egyetem\bsc\6. felev\grafika\gyak\metaballtracer\x64\debug\camera.obj
c:\users\ezsan\documents\egyetem\bsc\6. felev\grafika\gyak\metaballtracer\x64\debug\glutils.obj
c:\users\ezsan\documents\egyetem\bsc\6. felev\grafika\gyak\metaballtracer\x64\debug\main.obj
c:\users\ezsan\documents\egyetem\bsc\6. felev\grafika\gyak\metaballtracer\x64\debug\sdl_gldebugmessagecallback.obj
c:\users\ezsan\documents\egyetem\bsc\6. felev\grafika\gyak\metaballtracer\x64\debug\myapp.obj
c:\users\ezsan\documents\egyetem\bsc\6. felev\grafika\gyak\metaballtracer\x64\debug\parametricsurfaces.exe
c:\users\ezsan\documents\egyetem\bsc\6. felev\grafika\gyak\metaballtracer\x64\debug\parametricsurfaces.ilk
c:\users\ezsan\documents\egyetem\bsc\6. felev\grafika\gyak\metaballtracer\x64\debug\parametricsurfaces.pdb
c:\users\ezsan\documents\egyetem\bsc\6. felev\grafika\gyak\metaballtracer\x64\debug\glew32d.dll
c:\users\ezsan\documents\egyetem\bsc\6. felev\grafika\gyak\metaballtracer\x64\debug\sdl2d.dll
c:\users\ezsan\documents\egyetem\bsc\6. felev\grafika\gyak\metaballtracer\x64\debug\sdl2_imaged.dll
c:\users\ezsan\documents\egyetem\bsc\6. felev\grafika\gyak\metaballtracer\x64\debug\jpeg62.dll
c:\users\ezsan\documents\egyetem\bsc\6. felev\grafika\gyak\metaballtracer\x64\debug\libpng16d.dll
c:\users\ezsan\documents\egyetem\bsc\6. felev\grafika\gyak\metaballtracer\x64\debug\zlibd1.dll
c:\users\ezsan\documents\egyetem\bsc\6. felev\grafika\gyak\metaballtracer\x64\debug\parametr.d3f3c2fc.tlog\cl.command.1.tlog
c:\users\ezsan\documents\egyetem\bsc\6. felev\grafika\gyak\metaballtracer\x64\debug\parametr.d3f3c2fc.tlog\cl.items.tlog
c:\users\ezsan\documents\egyetem\bsc\6. felev\grafika\gyak\metaballtracer\x64\debug\parametr.d3f3c2fc.tlog\cl.read.1.tlog
c:\users\ezsan\documents\egyetem\bsc\6. felev\grafika\gyak\metaballtracer\x64\debug\parametr.d3f3c2fc.tlog\cl.write.1.tlog
c:\users\ezsan\documents\egyetem\bsc\6. felev\grafika\gyak\metaballtracer\x64\debug\parametr.d3f3c2fc.tlog\link.command.1.tlog
c:\users\ezsan\documents\egyetem\bsc\6. felev\grafika\gyak\metaballtracer\x64\debug\parametr.d3f3c2fc.tlog\link.read.1.tlog
c:\users\ezsan\documents\egyetem\bsc\6. felev\grafika\gyak\metaballtracer\x64\debug\parametr.d3f3c2fc.tlog\link.write.1.tlog
c:\users\ezsan\documents\egyetem\bsc\6. felev\grafika\gyak\metaballtracer\x64\debug\parametr.d3f3c2fc.tlog\parametricsurfaces.write.1u.tlog
